Traceback (most recent call last):
  File "/Users/haing/Desktop/ğŸ«2025-1/á„Œá…©á†¯á„‹á…¥á†¸ á„‘á…³á„…á…©á„Œá…¦á†¨á„á…³ /fork-experiment/Experiment/implementations/retrievers/chroma_retriever.py", line 26, in __init__
    self.collection = self.client.get_collection(name=self.collection_name)
                      ^^^^^^^^^^^^^^^^^^^^^^^^^^^^^^^^^^^^^^^^^^^^^^^^^^^^^
  File "/Users/haing/.pyenv/versions/3.11.11/lib/python3.11/site-packages/chromadb/api/client.py", line 171, in get_collection
    model = self._server.get_collection(
            ^^^^^^^^^^^^^^^^^^^^^^^^^^^^
  File "/Users/haing/.pyenv/versions/3.11.11/lib/python3.11/site-packages/chromadb/telemetry/opentelemetry/__init__.py", line 150, in wrapper
    return f(*args, **kwargs)
           ^^^^^^^^^^^^^^^^^^
  File "/Users/haing/.pyenv/versions/3.11.11/lib/python3.11/site-packages/chromadb/api/segment.py", line 103, in wrapper
    return self._rate_limit_enforcer.rate_limit(func)(*args, **kwargs)
           ^^^^^^^^^^^^^^^^^^^^^^^^^^^^^^^^^^^^^^^^^^^^^^^^^^^^^^^^^^^
  File "/Users/haing/.pyenv/versions/3.11.11/lib/python3.11/site-packages/chromadb/rate_limit/simple_rate_limit/__init__.py", line 24, in wrapper
    return func(*args, **kwargs)
           ^^^^^^^^^^^^^^^^^^^^^
  File "/Users/haing/.pyenv/versions/3.11.11/lib/python3.11/site-packages/chromadb/api/segment.py", line 309, in get_collection
    existing = self._sysdb.get_collections(
               ^^^^^^^^^^^^^^^^^^^^^^^^^^^^
  File "/Users/haing/.pyenv/versions/3.11.11/lib/python3.11/site-packages/chromadb/telemetry/opentelemetry/__init__.py", line 150, in wrapper
    return f(*args, **kwargs)
           ^^^^^^^^^^^^^^^^^^
  File "/Users/haing/.pyenv/versions/3.11.11/lib/python3.11/site-packages/chromadb/db/mixins/sysdb.py", line 521, in get_collections
    configuration = self._load_config_from_json_str_and_migrate(
                    ^^^^^^^^^^^^^^^^^^^^^^^^^^^^^^^^^^^^^^^^^^^^
  File "/Users/haing/.pyenv/versions/3.11.11/lib/python3.11/site-packages/chromadb/db/mixins/sysdb.py", line 886, in _load_config_from_json_str_and_migrate
    return CollectionConfigurationInternal.from_json_str(json_str)
           ^^^^^^^^^^^^^^^^^^^^^^^^^^^^^^^^^^^^^^^^^^^^^^^^^^^^^^^
  File "/Users/haing/.pyenv/versions/3.11.11/lib/python3.11/site-packages/chromadb/api/configuration.py", line 188, in from_json_str
    return cls.from_json(config_json)
           ^^^^^^^^^^^^^^^^^^^^^^^^^^
  File "/Users/haing/.pyenv/versions/3.11.11/lib/python3.11/site-packages/chromadb/api/configuration.py", line 209, in from_json
    f"Trying to instantiate configuration of type {cls.__name__} from JSON with type {json_map['_type']}"
                                                                                      ~~~~~~~~^^^^^^^^^
KeyError: '_type'

During handling of the above exception, another exception occurred:

Traceback (most recent call last):
  File "/Users/haing/Desktop/ğŸ«2025-1/á„Œá…©á†¯á„‹á…¥á†¸ á„‘á…³á„…á…©á„Œá…¦á†¨á„á…³ /fork-experiment/Experiment/run_experiment.py", line 45, in main
    results = await pipeline.run()
              ^^^^^^^^^^^^^^^^^^^^
  File "/Users/haing/Desktop/ğŸ«2025-1/á„Œá…©á†¯á„‹á…¥á†¸ á„‘á…³á„…á…©á„Œá…¦á†¨á„á…³ /fork-experiment/Experiment/core/pipeline.py", line 56, in run
    components = self._initialize_components()
                 ^^^^^^^^^^^^^^^^^^^^^^^^^^^^^
  File "/Users/haing/Desktop/ğŸ«2025-1/á„Œá…©á†¯á„‹á…¥á†¸ á„‘á…³á„…á…©á„Œá…¦á†¨á„á…³ /fork-experiment/Experiment/core/pipeline.py", line 123, in _initialize_components
    components["retriever"] = ComponentFactory.create_retriever(
                              ^^^^^^^^^^^^^^^^^^^^^^^^^^^^^^^^^^
  File "/Users/haing/Desktop/ğŸ«2025-1/á„Œá…©á†¯á„‹á…¥á†¸ á„‘á…³á„…á…©á„Œá…¦á†¨á„á…³ /fork-experiment/Experiment/utils/factory.py", line 122, in create_retriever
    return retriever_class(**kwargs)
           ^^^^^^^^^^^^^^^^^^^^^^^^^
  File "/Users/haing/Desktop/ğŸ«2025-1/á„Œá…©á†¯á„‹á…¥á†¸ á„‘á…³á„…á…©á„Œá…¦á†¨á„á…³ /fork-experiment/Experiment/implementations/retrievers/chroma_retriever.py", line 29, in __init__
    self.collection = self.client.create_collection(name=self.collection_name)
                      ^^^^^^^^^^^^^^^^^^^^^^^^^^^^^^^^^^^^^^^^^^^^^^^^^^^^^^^^
  File "/Users/haing/.pyenv/versions/3.11.11/lib/python3.11/site-packages/chromadb/api/client.py", line 147, in create_collection
    model = self._server.create_collection(
            ^^^^^^^^^^^^^^^^^^^^^^^^^^^^^^^
  File "/Users/haing/.pyenv/versions/3.11.11/lib/python3.11/site-packages/chromadb/telemetry/opentelemetry/__init__.py", line 150, in wrapper
    return f(*args, **kwargs)
           ^^^^^^^^^^^^^^^^^^
  File "/Users/haing/.pyenv/versions/3.11.11/lib/python3.11/site-packages/chromadb/api/segment.py", line 103, in wrapper
    return self._rate_limit_enforcer.rate_limit(func)(*args, **kwargs)
           ^^^^^^^^^^^^^^^^^^^^^^^^^^^^^^^^^^^^^^^^^^^^^^^^^^^^^^^^^^^
  File "/Users/haing/.pyenv/versions/3.11.11/lib/python3.11/site-packages/chromadb/rate_limit/simple_rate_limit/__init__.py", line 24, in wrapper
    return func(*args, **kwargs)
           ^^^^^^^^^^^^^^^^^^^^^
  File "/Users/haing/.pyenv/versions/3.11.11/lib/python3.11/site-packages/chromadb/api/segment.py", line 242, in create_collection
    coll, created = self._sysdb.create_collection(
                    ^^^^^^^^^^^^^^^^^^^^^^^^^^^^^^
  File "/Users/haing/.pyenv/versions/3.11.11/lib/python3.11/site-packages/chromadb/telemetry/opentelemetry/__init__.py", line 150, in wrapper
    return f(*args, **kwargs)
           ^^^^^^^^^^^^^^^^^^
  File "/Users/haing/.pyenv/versions/3.11.11/lib/python3.11/site-packages/chromadb/db/mixins/sysdb.py", line 294, in create_collection
    existing = self.get_collections(name=name, tenant=tenant, database=database)
               ^^^^^^^^^^^^^^^^^^^^^^^^^^^^^^^^^^^^^^^^^^^^^^^^^^^^^^^^^^^^^^^^^
  File "/Users/haing/.pyenv/versions/3.11.11/lib/python3.11/site-packages/chromadb/telemetry/opentelemetry/__init__.py", line 150, in wrapper
    return f(*args, **kwargs)
           ^^^^^^^^^^^^^^^^^^
  File "/Users/haing/.pyenv/versions/3.11.11/lib/python3.11/site-packages/chromadb/db/mixins/sysdb.py", line 521, in get_collections
    configuration = self._load_config_from_json_str_and_migrate(
                    ^^^^^^^^^^^^^^^^^^^^^^^^^^^^^^^^^^^^^^^^^^^^
  File "/Users/haing/.pyenv/versions/3.11.11/lib/python3.11/site-packages/chromadb/db/mixins/sysdb.py", line 886, in _load_config_from_json_str_and_migrate
    return CollectionConfigurationInternal.from_json_str(json_str)
           ^^^^^^^^^^^^^^^^^^^^^^^^^^^^^^^^^^^^^^^^^^^^^^^^^^^^^^^
  File "/Users/haing/.pyenv/versions/3.11.11/lib/python3.11/site-packages/chromadb/api/configuration.py", line 188, in from_json_str
    return cls.from_json(config_json)
           ^^^^^^^^^^^^^^^^^^^^^^^^^^
  File "/Users/haing/.pyenv/versions/3.11.11/lib/python3.11/site-packages/chromadb/api/configuration.py", line 209, in from_json
    f"Trying to instantiate configuration of type {cls.__name__} from JSON with type {json_map['_type']}"
                                                                                      ~~~~~~~~^^^^^^^^^
KeyError: '_type'
ì„¤ì • íŒŒì¼ ë¡œë“œ: configs/baseline_search.yaml
ì‹¤í—˜ ì‹œì‘: baseline
ì‹¤í—˜ ID: emb_text_embedding_ada_002_chunk_no_chunk_retr_chroma_llm_gpt_4o_mini
ì¶œë ¥ ë””ë ‰í† ë¦¬: results/baseline

=== 1. ì»´í¬ë„ŒíŠ¸ ì´ˆê¸°í™” ===
ì„ë² ë”© ëª¨ë¸ ì´ˆê¸°í™”: openai - text-embedding-ada-002
ì²­í‚¹ ì „ëµ ì´ˆê¸°í™”: no_chunk
ê²€ìƒ‰ ì‹œìŠ¤í…œ ì´ˆê¸°í™”: chroma

ì‹¤í—˜ ì‹¤í–‰ ì¤‘ ì˜¤ë¥˜ ë°œìƒ: '_type'
ì‹¤í—˜ ì‹¤í–‰ ì¤‘ ì˜¤ë¥˜ ë°œìƒ: '_type'
